-- Found ament_cmake: 0.8.2 (/opt/ros/eloquent/share/ament_cmake/cmake)
-- Using PYTHON_EXECUTABLE: /usr/bin/python3
Traceback (most recent call last):
  File "/opt/ros/eloquent/share/ament_cmake_core/cmake/package_templates/templates_2_cmake.py", line 21, in <module>
    from ament_package.templates import get_environment_hook_template_path
ModuleNotFoundError: No module named 'ament_package'
CMake Error at /opt/ros/eloquent/share/ament_cmake_core/cmake/ament_cmake_package_templates-extras.cmake:41 (message):
  execute_process(/usr/bin/python3
  /opt/ros/eloquent/share/ament_cmake_core/cmake/package_templates/templates_2_cmake.py
  /home/maclo4/edo_manual_ws/src/basic_edo_pub/build/basic_edo_pub/ament_cmake_package_templates/templates.cmake)
  returned error code 1
Call Stack (most recent call first):
  /opt/ros/eloquent/share/ament_cmake_core/cmake/ament_cmake_coreConfig.cmake:38 (include)
  /opt/ros/eloquent/share/ament_cmake/cmake/ament_cmake_export_dependencies-extras.cmake:15 (find_package)
  /opt/ros/eloquent/share/ament_cmake/cmake/ament_cmakeConfig.cmake:38 (include)
  CMakeLists.txt:19 (find_package)


-- Configuring incomplete, errors occurred!
See also "/home/maclo4/edo_manual_ws/src/basic_edo_pub/build/basic_edo_pub/CMakeFiles/CMakeOutput.log".
See also "/home/maclo4/edo_manual_ws/src/basic_edo_pub/build/basic_edo_pub/CMakeFiles/CMakeError.log".
Makefile:266: recipe for target 'cmake_check_build_system' failed
make: *** [cmake_check_build_system] Error 1
